  [1m[36mSQL (4.7ms)[0m  [1m SELECT name
 FROM sqlite_master
 WHERE type = 'table' AND NOT name = 'sqlite_sequence'
[0m
  [1m[35mSQL (0.3ms)[0m  select sqlite_version(*)
  [1m[36mSQL (21.8ms)[0m  [1mCREATE TABLE "schema_migrations" ("version" varchar(255) NOT NULL) [0m
  [1m[35mSQL (0.2ms)[0m  PRAGMA index_list("schema_migrations")
  [1m[36mSQL (5.5ms)[0m  [1mCREATE UNIQUE INDEX "unique_schema_migrations" ON "schema_migrations" ("version")[0m
  [1m[35mSQL (0.4ms)[0m   SELECT name
 FROM sqlite_master
 WHERE type = 'table' AND NOT name = 'sqlite_sequence'
  [1m[36mSQL (0.4ms)[0m  [1m SELECT name
 FROM sqlite_master
 WHERE type = 'table' AND NOT name = 'sqlite_sequence'
[0m
  [1m[35mSQL (0.2ms)[0m   SELECT name
 FROM sqlite_master
 WHERE type = 'table' AND NOT name = 'sqlite_sequence'
  [1m[36mSQL (0.2ms)[0m  [1mSELECT "schema_migrations"."version" FROM "schema_migrations"[0m
  [1m[35mSQL (0.2ms)[0m   SELECT name
 FROM sqlite_master
 WHERE type = 'table' AND NOT name = 'sqlite_sequence'
  [1m[36mSQL (14.0ms)[0m  [1m SELECT name
 FROM sqlite_master
 WHERE type = 'table' AND NOT name = 'sqlite_sequence'
[0m
  [1m[35mSQL (0.3ms)[0m   SELECT name
 FROM sqlite_master
 WHERE type = 'table' AND NOT name = 'sqlite_sequence'
  [1m[36mSQL (0.4ms)[0m  [1mSELECT "schema_migrations"."version" FROM "schema_migrations"[0m
Migrating to CreateMovies (20110420122623)
  [1m[35mSQL (0.4ms)[0m  select sqlite_version(*)
  [1m[36mSQL (2.4ms)[0m  [1mCREATE TABLE "movies" ("id" INTEGER PRIMARY KEY AUTOINCREMENT NOT NULL, "title" varchar(255), "rating" integer, "duration" integer, "director" varchar(255), "actors" varchar(255), "overview" text, "available" boolean, "created_at" datetime, "updated_at" datetime) [0m
  [1m[35mSQL (0.4ms)[0m  INSERT INTO "schema_migrations" ("version") VALUES ('20110420122623')
  [1m[36mSQL (0.4ms)[0m  [1m SELECT name
 FROM sqlite_master
 WHERE type = 'table' AND NOT name = 'sqlite_sequence'
[0m
  [1m[35mSQL (0.4ms)[0m  SELECT "schema_migrations"."version" FROM "schema_migrations"
  [1m[36mSQL (0.9ms)[0m  [1m SELECT name
 FROM sqlite_master
 WHERE type = 'table' AND NOT name = 'sqlite_sequence'
[0m
  [1m[35mSQL (0.1ms)[0m  PRAGMA index_list("movies")


Started GET "/videos" for 127.0.0.1 at 2011-04-20 05:27:37 -0700

ActionController::RoutingError (No route matches "/videos"):
  

Rendered /home/felixt/.rvm/gems/ruby-1.9.2-p180/gems/actionpack-3.0.5.rc1/lib/action_dispatch/middleware/templates/rescues/routing_error.erb within rescues/layout (4.1ms)


Started GET "/movies" for 127.0.0.1 at 2011-04-20 05:27:44 -0700
  Processing by MoviesController#index as HTML
  [1m[36mMovie Load (2.1ms)[0m  [1mSELECT "movies".* FROM "movies"[0m
Rendered movies/index.html.erb within layouts/application (7.7ms)
Completed 200 OK in 284ms (Views: 19.6ms | ActiveRecord: 2.1ms)


Started GET "/movies/new" for 127.0.0.1 at 2011-04-20 05:28:02 -0700
  Processing by MoviesController#new as HTML
Rendered movies/_form.html.erb (100.3ms)
Rendered movies/new.html.erb within layouts/application (110.6ms)
Completed 200 OK in 157ms (Views: 121.6ms | ActiveRecord: 0.0ms)
  [1m[36mSQL (1.2ms)[0m  [1m SELECT name
 FROM sqlite_master
 WHERE type = 'table' AND NOT name = 'sqlite_sequence'
[0m
  [1m[35mSQL (0.1ms)[0m   SELECT name
 FROM sqlite_master
 WHERE type = 'table' AND NOT name = 'sqlite_sequence'
  [1m[36mSQL (0.5ms)[0m  [1mSELECT "schema_migrations"."version" FROM "schema_migrations"[0m
Migrating to CreateMovies (20110420122623)
Migrating to AddCodeToVideos (20110420123249)
  [1m[35mSQL (0.2ms)[0m  select sqlite_version(*)
  [1m[36mSQL (0.3ms)[0m  [1mALTER TABLE "videos" ADD "code" varchar(255)[0m
SQLite3::SQLException: no such table: videos: ALTER TABLE "videos" ADD "code" varchar(255)


Started GET "/movies/new" for 127.0.0.1 at 2011-04-20 22:33:09 +1000
  Processing by MoviesController#new as HTML
Rendered movies/_form.html.erb (96.4ms)
Rendered movies/new.html.erb within layouts/application (106.2ms)
Completed 200 OK in 164ms (Views: 121.3ms | ActiveRecord: 0.0ms)
  [1m[36mSQL (2.9ms)[0m  [1m SELECT name
 FROM sqlite_master
 WHERE type = 'table' AND NOT name = 'sqlite_sequence'
[0m
  [1m[35mSQL (0.3ms)[0m   SELECT name
 FROM sqlite_master
 WHERE type = 'table' AND NOT name = 'sqlite_sequence'
  [1m[36mSQL (0.6ms)[0m  [1mSELECT "schema_migrations"."version" FROM "schema_migrations"[0m
Migrating to CreateMovies (20110420122623)
Migrating to AddCodeToVideos (20110420123249)
  [1m[35mSQL (0.4ms)[0m  select sqlite_version(*)
  [1m[36mSQL (1.9ms)[0m  [1mALTER TABLE "movies" ADD "code" varchar(255)[0m
  [1m[35mSQL (4.6ms)[0m  INSERT INTO "schema_migrations" ("version") VALUES ('20110420123249')
  [1m[36mSQL (1.2ms)[0m  [1m SELECT name
 FROM sqlite_master
 WHERE type = 'table' AND NOT name = 'sqlite_sequence'
[0m
  [1m[35mSQL (0.4ms)[0m  SELECT "schema_migrations"."version" FROM "schema_migrations"
  [1m[36mSQL (0.6ms)[0m  [1m SELECT name
 FROM sqlite_master
 WHERE type = 'table' AND NOT name = 'sqlite_sequence'
[0m
  [1m[35mSQL (0.1ms)[0m  PRAGMA index_list("movies")


Started GET "/movies" for 127.0.0.1 at 2011-04-20 22:37:23 +1000
  Processing by MoviesController#index as HTML
  [1m[35mMovie Load (1.2ms)[0m  SELECT "movies".* FROM "movies"
Rendered movies/index.html.erb within layouts/application (8.6ms)
Completed 200 OK in 44ms (Views: 20.2ms | ActiveRecord: 1.2ms)


Started GET "/movies/new" for 127.0.0.1 at 2011-04-20 22:37:26 +1000
  Processing by MoviesController#new as HTML
Rendered movies/_form.html.erb (43.8ms)
Rendered movies/new.html.erb within layouts/application (54.6ms)
Completed 200 OK in 176ms (Views: 66.7ms | ActiveRecord: 0.0ms)


Started GET "/movies/new" for 127.0.0.1 at 2011-04-20 22:44:04 +1000
  Processing by MoviesController#new as HTML
Rendered movies/_form.html.erb (253.9ms)
Rendered movies/new.html.erb within layouts/application (295.2ms)
Completed 200 OK in 592ms (Views: 391.6ms | ActiveRecord: 0.0ms)


Started POST "/movies" for 127.0.0.1 at 2011-04-20 22:44:51 +1000
  Processing by MoviesController#create as HTML
  Parameters: {"utf8"=>"✓", "authenticity_token"=>"YBJq/n5zQ2IcXf8NaEhyt9VYjArji+2Z5ucmP6Pa750=", "movie"=>{"title"=>"Street Fighter", "rating"=>"PG", "duration"=>"120", "director"=>"Jeremiah", "actors"=>"Felix, Lina, Matthew", "overview"=>"It is a superb fighting movie with ultimate effects.", "available"=>"1"}, "commit"=>"Create Movie"}
  [1m[36mSQL (0.6ms)[0m  [1m SELECT name
 FROM sqlite_master
 WHERE type = 'table' AND NOT name = 'sqlite_sequence'
[0m
  [1m[35mAREL (1.7ms)[0m  INSERT INTO "movies" ("title", "rating", "duration", "director", "actors", "overview", "available", "created_at", "updated_at", "code") VALUES ('Street Fighter', 0, 120, 'Jeremiah', 'Felix, Lina, Matthew', 'It is a superb fighting movie with ultimate effects.', 't', '2011-04-20 12:44:51.731879', '2011-04-20 12:44:51.731879', NULL)
Redirected to http://0.0.0.0:3000/movies/1
Completed 302 Found in 486ms


Started GET "/movies/1" for 127.0.0.1 at 2011-04-20 22:44:52 +1000
  Processing by MoviesController#show as HTML
  Parameters: {"id"=>"1"}
  [1m[36mMovie Load (1.1ms)[0m  [1mSELECT "movies".* FROM "movies" WHERE "movies"."id" = 1 LIMIT 1[0m
Rendered movies/show.html.erb within layouts/application (49.6ms)
Completed 200 OK in 99ms (Views: 60.1ms | ActiveRecord: 3.4ms)


Started GET "/movies" for 127.0.0.1 at 2011-04-20 22:44:58 +1000
  Processing by MoviesController#index as HTML
  [1m[35mMovie Load (1.8ms)[0m  SELECT "movies".* FROM "movies"
Rendered movies/index.html.erb within layouts/application (47.8ms)
Completed 200 OK in 158ms (Views: 57.8ms | ActiveRecord: 1.8ms)


Started GET "/movies/1/edit" for 127.0.0.1 at 2011-04-20 22:45:06 +1000
  Processing by MoviesController#edit as HTML
  Parameters: {"id"=>"1"}
  [1m[36mMovie Load (0.9ms)[0m  [1mSELECT "movies".* FROM "movies" WHERE "movies"."id" = 1 LIMIT 1[0m
Rendered movies/_form.html.erb (121.6ms)
Rendered movies/edit.html.erb within layouts/application (133.1ms)
Completed 200 OK in 179ms (Views: 143.3ms | ActiveRecord: 0.9ms)
  [1m[36mSQL (3.3ms)[0m  [1m SELECT name
 FROM sqlite_master
 WHERE type = 'table' AND NOT name = 'sqlite_sequence'
[0m
  [1m[35mSQL (0.5ms)[0m   SELECT name
 FROM sqlite_master
 WHERE type = 'table' AND NOT name = 'sqlite_sequence'
  [1m[36mSQL (0.5ms)[0m  [1mSELECT "schema_migrations"."version" FROM "schema_migrations"[0m
  [1m[35mSQL (0.6ms)[0m  select sqlite_version(*)
  [1m[36mSQL (0.3ms)[0m  [1m SELECT name
 FROM sqlite_master
 WHERE type = 'table' AND NOT name = 'sqlite_sequence'
[0m
  [1m[35mSQL (22.2ms)[0m  CREATE TABLE "movies" ("id" INTEGER PRIMARY KEY AUTOINCREMENT NOT NULL, "title" varchar(255), "rating" integer, "duration" integer, "director" varchar(255), "actors" varchar(255), "overview" text, "available" boolean, "created_at" datetime, "updated_at" datetime, "code" varchar(255)) 
  [1m[36mSQL (0.4ms)[0m  [1m SELECT name
 FROM sqlite_master
 WHERE type = 'table' AND NOT name = 'sqlite_sequence'
[0m
  [1m[35mSQL (7.3ms)[0m  CREATE TABLE "schema_migrations" ("version" varchar(255) NOT NULL) 
  [1m[36mSQL (0.1ms)[0m  [1mPRAGMA index_list("schema_migrations")[0m
  [1m[35mSQL (24.0ms)[0m  CREATE UNIQUE INDEX "unique_schema_migrations" ON "schema_migrations" ("version")
  [1m[36mSQL (0.4ms)[0m  [1m SELECT name
 FROM sqlite_master
 WHERE type = 'table' AND NOT name = 'sqlite_sequence'
[0m
  [1m[35mSQL (0.2ms)[0m  SELECT version FROM "schema_migrations"
  [1m[36mSQL (7.3ms)[0m  [1mINSERT INTO "schema_migrations" (version) VALUES ('20110420123249')[0m
  [1m[35mSQL (6.7ms)[0m  INSERT INTO "schema_migrations" (version) VALUES ('20110420122623')


Started GET "/movies" for 127.0.0.1 at 2011-04-20 22:53:17 +1000
  Processing by MoviesController#index as HTML
  [1m[35mMovie Load (2.6ms)[0m  SELECT "movies".* FROM "movies"
Rendered movies/index.html.erb within layouts/application (57.6ms)
Completed 200 OK in 97ms (Views: 70.2ms | ActiveRecord: 2.6ms)
  [1m[36mSQL (1.2ms)[0m  [1m SELECT name
 FROM sqlite_master
 WHERE type = 'table' AND NOT name = 'sqlite_sequence'
[0m
  [1m[35mSQL (0.2ms)[0m   SELECT name
 FROM sqlite_master
 WHERE type = 'table' AND NOT name = 'sqlite_sequence'
  [1m[36mSQL (0.2ms)[0m  [1mSELECT "schema_migrations"."version" FROM "schema_migrations"[0m


Started GET "/movies" for 127.0.0.1 at 2011-04-20 22:58:28 +1000
  Processing by MoviesController#index as HTML
  [1m[36mMovie Load (2.7ms)[0m  [1mSELECT "movies".* FROM "movies"[0m
Rendered movies/index.html.erb within layouts/application (52.2ms)
Completed 200 OK in 90ms (Views: 62.8ms | ActiveRecord: 2.7ms)


Started GET "/movies/1" for 127.0.0.1 at 2011-04-20 22:58:34 +1000
  Processing by MoviesController#show as HTML
  Parameters: {"id"=>"1"}
  [1m[35mMovie Load (1.2ms)[0m  SELECT "movies".* FROM "movies" WHERE "movies"."id" = 1 LIMIT 1
Rendered movies/show.html.erb within layouts/application (59.3ms)
Completed 200 OK in 113ms (Views: 71.5ms | ActiveRecord: 1.2ms)


Started GET "/movies" for 127.0.0.1 at 2011-04-20 22:58:37 +1000
  Processing by MoviesController#index as HTML
  [1m[36mMovie Load (1.7ms)[0m  [1mSELECT "movies".* FROM "movies"[0m
Rendered movies/index.html.erb within layouts/application (135.8ms)
Completed 200 OK in 169ms (Views: 146.4ms | ActiveRecord: 1.7ms)
  [1m[36mSQL (7.8ms)[0m  [1m SELECT name
 FROM sqlite_master
 WHERE type = 'table' AND NOT name = 'sqlite_sequence'
[0m
  [1m[35mSQL (0.5ms)[0m   SELECT name
 FROM sqlite_master
 WHERE type = 'table' AND NOT name = 'sqlite_sequence'
  [1m[36mSQL (0.6ms)[0m  [1mSELECT "schema_migrations"."version" FROM "schema_migrations"[0m


Started GET "/movies" for 127.0.0.1 at 2011-04-21 22:18:19 +1000
  Processing by MoviesController#index as HTML
  [1m[35mMovie Load (7.1ms)[0m  SELECT "movies".* FROM "movies"
Rendered movies/index.html.erb within layouts/application (99.1ms)
Completed 200 OK in 176ms (Views: 121.5ms | ActiveRecord: 7.1ms)
  [1m[36mSQL (1.1ms)[0m  [1m SELECT name
 FROM sqlite_master
 WHERE type = 'table' AND NOT name = 'sqlite_sequence'
[0m
  [1m[35mSQL (0.2ms)[0m   SELECT name
 FROM sqlite_master
 WHERE type = 'table' AND NOT name = 'sqlite_sequence'
  [1m[36mSQL (0.2ms)[0m  [1mSELECT "schema_migrations"."version" FROM "schema_migrations"[0m
  [1m[35mAREL (174.3ms)[0m  DELETE FROM "movies" WHERE 1=1
  [1m[36mSQL (1.0ms)[0m  [1m SELECT name
 FROM sqlite_master
 WHERE type = 'table' AND NOT name = 'sqlite_sequence'
[0m
  [1m[35mSQL (0.2ms)[0m   SELECT name
 FROM sqlite_master
 WHERE type = 'table' AND NOT name = 'sqlite_sequence'
  [1m[36mSQL (0.2ms)[0m  [1mSELECT "schema_migrations"."version" FROM "schema_migrations"[0m
Migrating to CreateMovies (20110420122623)
Migrating to AddCodeToVideos (20110420123249)
Migrating to AddImageToVideos (20110421122126)
  [1m[35mSQL (0.2ms)[0m  select sqlite_version(*)
  [1m[36mSQL (0.2ms)[0m  [1mALTER TABLE "videos" ADD "image" varchar(255)[0m
SQLite3::SQLException: no such table: videos: ALTER TABLE "videos" ADD "image" varchar(255)
  [1m[36mSQL (0.9ms)[0m  [1m SELECT name
 FROM sqlite_master
 WHERE type = 'table' AND NOT name = 'sqlite_sequence'
[0m
  [1m[35mSQL (0.1ms)[0m   SELECT name
 FROM sqlite_master
 WHERE type = 'table' AND NOT name = 'sqlite_sequence'
  [1m[36mSQL (0.2ms)[0m  [1mSELECT "schema_migrations"."version" FROM "schema_migrations"[0m
Migrating to CreateMovies (20110420122623)
Migrating to AddCodeToVideos (20110420123249)
Migrating to AddImageToVideos (20110421122126)
  [1m[35mSQL (0.1ms)[0m  select sqlite_version(*)
  [1m[36mSQL (0.9ms)[0m  [1mALTER TABLE "movies" ADD "image" varchar(255)[0m
  [1m[35mSQL (2.7ms)[0m  INSERT INTO "schema_migrations" ("version") VALUES ('20110421122126')
  [1m[36mSQL (0.6ms)[0m  [1m SELECT name
 FROM sqlite_master
 WHERE type = 'table' AND NOT name = 'sqlite_sequence'
[0m
  [1m[35mSQL (0.2ms)[0m  SELECT "schema_migrations"."version" FROM "schema_migrations"
  [1m[36mSQL (0.1ms)[0m  [1m SELECT name
 FROM sqlite_master
 WHERE type = 'table' AND NOT name = 'sqlite_sequence'
[0m
  [1m[35mSQL (0.1ms)[0m  PRAGMA index_list("movies")
  [1m[36mSQL (1.9ms)[0m  [1m SELECT name
 FROM sqlite_master
 WHERE type = 'table' AND NOT name = 'sqlite_sequence'
[0m
  [1m[35mSQL (0.3ms)[0m   SELECT name
 FROM sqlite_master
 WHERE type = 'table' AND NOT name = 'sqlite_sequence'
  [1m[36mSQL (0.6ms)[0m  [1mSELECT "schema_migrations"."version" FROM "schema_migrations"[0m
  [1m[35mAREL (0.9ms)[0m  DELETE FROM "movies" WHERE 1=1
  [1m[36mSQL (1.3ms)[0m  [1m SELECT name
 FROM sqlite_master
 WHERE type = 'table' AND NOT name = 'sqlite_sequence'
[0m
  [1m[35mSQL (0.2ms)[0m   SELECT name
 FROM sqlite_master
 WHERE type = 'table' AND NOT name = 'sqlite_sequence'
  [1m[36mSQL (0.3ms)[0m  [1mSELECT "schema_migrations"."version" FROM "schema_migrations"[0m
  [1m[35mAREL (0.9ms)[0m  DELETE FROM "movies" WHERE 1=1
  [1m[36mAREL (0.6ms)[0m  [1mINSERT INTO "movies" ("title", "rating", "duration", "director", "actors", "overview", "available", "created_at", "updated_at", "code", "image") VALUES ('King Kong Loves Ping Pong', NULL, 300, NULL, NULL, '<p>
 <em>Web Design for Developers</em> will show you how to make your
 web-based application look professionally designed. We''ll help you
 learn how to pick the right colors and fonts, avoid costly interface
 and accessibility mistakes -- your application will really come alive.
 We''ll also walk you through some common Photoshop and CSS techniques
 and work through a web site redesign, taking a new design from concept
 all the way to implementation.
 </p>', 't', '2011-04-21 12:24:31.709966', '2011-04-21 12:24:31.709966', NULL, '/images/wd4d.jpg')[0m
  [1m[35mAREL (1.5ms)[0m  INSERT INTO "movies" ("title", "rating", "duration", "director", "actors", "overview", "available", "created_at", "updated_at", "code", "image") VALUES ('Programming Ruby 1.9', NULL, 160, NULL, NULL, '<p>
 Ruby is the fastest growing and most exciting dynamic language
 out there. If you need to get working programs delivered fast,
 you should add Ruby to your toolbox.
 </p>', 'f', '2011-04-21 12:24:31.815666', '2011-04-21 12:24:31.815666', NULL, '/images/ruby.jpg')
  [1m[36mAREL (0.9ms)[0m  [1mINSERT INTO "movies" ("title", "rating", "duration", "director", "actors", "overview", "available", "created_at", "updated_at", "code", "image") VALUES ('Rails Test Prescriptions', NULL, 150, NULL, NULL, '<p>
 <em>Rails Test Prescriptions</em> is a comprehensive guide to testing
 Rails applications, covering Test-Driven Development from both a
 theoretical perspective (why to test) and from a practical perspective
 (how to test effectively). It covers the core Rails testing tools and
 procedures for Rails 2 and Rails 3, and introduces popular add-ons,
 including Cucumber, Shoulda, Machinist, Mocha, and Rcov.
 </p>', 't', '2011-04-21 12:24:31.831231', '2011-04-21 12:24:31.831231', NULL, '/images/rtp.jpg')[0m


Started GET "/movies" for 127.0.0.1 at 2011-04-21 22:24:35 +1000
  Processing by MoviesController#index as HTML
  [1m[36mMovie Load (7.7ms)[0m  [1mSELECT "movies".* FROM "movies"[0m
Rendered movies/index.html.erb within layouts/application (68.5ms)
Completed 200 OK in 117ms (Views: 81.0ms | ActiveRecord: 7.7ms)


Started GET "/movies" for 127.0.0.1 at 2011-04-21 22:30:45 +1000
  Processing by MoviesController#index as HTML
  [1m[35mMovie Load (7.0ms)[0m  SELECT "movies".* FROM "movies"
Rendered movies/index.html.erb within layouts/application (67.9ms)
Completed 200 OK in 113ms (Views: 79.8ms | ActiveRecord: 7.0ms)


Started GET "/movies" for 127.0.0.1 at 2011-04-21 22:44:38 +1000
  Processing by MoviesController#index as HTML
  [1m[36mMovie Load (7.3ms)[0m  [1mSELECT "movies".* FROM "movies"[0m
Rendered movies/index.html.erb within layouts/application (66.1ms)
Completed 200 OK in 107ms (Views: 77.2ms | ActiveRecord: 7.3ms)


Started GET "/movies" for 127.0.0.1 at 2011-04-21 22:45:16 +1000
  Processing by MoviesController#index as HTML
  [1m[35mMovie Load (9.5ms)[0m  SELECT "movies".* FROM "movies"
Rendered movies/index.html.erb within layouts/application (64.6ms)
Completed 200 OK in 190ms (Views: 155.4ms | ActiveRecord: 9.5ms)


Started GET "/movies" for 127.0.0.1 at 2011-04-21 22:47:45 +1000
  Processing by MoviesController#index as HTML
  [1m[36mMovie Load (11.4ms)[0m  [1mSELECT "movies".* FROM "movies"[0m
Rendered movies/index.html.erb within layouts/application (400.3ms)
Completed   in 455ms

ActionView::Template::Error (undefined local variable or method `length' for #<#<Class:0x00000003041138>:0x0000000303ec30>):
    12:     <td>
    13:         <dl>
    14:           <dt><%= movie.title %></dt>
    15:           <dd><%= truncate( strip_tags( movie.overview ), length => 80 ) %></dd>
    16:         </dl>
    17:         
    18:         
  app/views/movies/index.html.erb:15:in `block in _app_views_movies_index_html_erb__2324646575712965659_25276720__3585945741363322992'
  app/views/movies/index.html.erb:7:in `each'
  app/views/movies/index.html.erb:7:in `_app_views_movies_index_html_erb__2324646575712965659_25276720__3585945741363322992'
  app/controllers/movies_controller.rb:7:in `index'

Rendered /home/felixt/.rvm/gems/ruby-1.9.2-p180/gems/actionpack-3.0.5.rc1/lib/action_dispatch/middleware/templates/rescues/_trace.erb (5.1ms)
Rendered /home/felixt/.rvm/gems/ruby-1.9.2-p180/gems/actionpack-3.0.5.rc1/lib/action_dispatch/middleware/templates/rescues/_request_and_response.erb (11.6ms)
Rendered /home/felixt/.rvm/gems/ruby-1.9.2-p180/gems/actionpack-3.0.5.rc1/lib/action_dispatch/middleware/templates/rescues/template_error.erb within rescues/layout (29.8ms)


Started GET "/movies" for 127.0.0.1 at 2011-04-21 22:48:00 +1000
  Processing by MoviesController#index as HTML
  [1m[35mMovie Load (6.6ms)[0m  SELECT "movies".* FROM "movies"
Rendered movies/index.html.erb within layouts/application (266.7ms)
Completed 200 OK in 306ms (Views: 276.7ms | ActiveRecord: 6.6ms)


Started GET "/movies" for 127.0.0.1 at 2011-04-21 22:48:47 +1000
  Processing by MoviesController#index as HTML
  [1m[36mMovie Load (6.2ms)[0m  [1mSELECT "movies".* FROM "movies"[0m
Rendered movies/index.html.erb within layouts/application (144.1ms)
Completed 200 OK in 186ms (Views: 156.3ms | ActiveRecord: 6.2ms)


Started GET "/movies" for 127.0.0.1 at 2011-04-21 22:49:00 +1000
  Processing by MoviesController#index as HTML
  [1m[35mMovie Load (8.6ms)[0m  SELECT "movies".* FROM "movies"
Rendered movies/index.html.erb within layouts/application (99.2ms)
Completed 200 OK in 145ms (Views: 110.7ms | ActiveRecord: 8.6ms)


Started GET "/movies" for 127.0.0.1 at 2011-04-21 22:50:18 +1000
  Processing by MoviesController#index as HTML
  [1m[36mMovie Load (2.4ms)[0m  [1mSELECT "movies".* FROM "movies"[0m
Rendered movies/index.html.erb within layouts/application (32.4ms)
Completed 200 OK in 51ms (Views: 38.1ms | ActiveRecord: 2.4ms)


Started POST "/movies/4" for 127.0.0.1 at 2011-04-21 22:50:22 +1000
  Processing by MoviesController#destroy as HTML
  Parameters: {"authenticity_token"=>"YBJq/n5zQ2IcXf8NaEhyt9VYjArji+2Z5ucmP6Pa750=", "id"=>"4"}
  [1m[35mMovie Load (2.4ms)[0m  SELECT "movies".* FROM "movies" WHERE "movies"."id" = 4 LIMIT 1
  [1m[36mAREL (0.9ms)[0m  [1mDELETE FROM "movies" WHERE "movies"."id" = 4[0m
Redirected to http://0.0.0.0:3000/movies
Completed 302 Found in 157ms


Started GET "/movies" for 127.0.0.1 at 2011-04-21 22:50:22 +1000
  Processing by MoviesController#index as HTML
  [1m[35mMovie Load (4.3ms)[0m  SELECT "movies".* FROM "movies"
Rendered movies/index.html.erb within layouts/application (128.7ms)
Completed 200 OK in 178ms (Views: 141.8ms | ActiveRecord: 4.3ms)


Started GET "/movies" for 127.0.0.1 at 2011-04-21 22:57:30 +1000
  Processing by MoviesController#index as HTML
  [1m[36mMovie Load (5.0ms)[0m  [1mSELECT "movies".* FROM "movies"[0m
Rendered movies/index.html.erb within layouts/application (68.1ms)
Completed 200 OK in 116ms (Views: 79.9ms | ActiveRecord: 5.0ms)
  [1m[36mSQL (2.5ms)[0m  [1m SELECT name
 FROM sqlite_master
 WHERE type = 'table' AND NOT name = 'sqlite_sequence'
[0m
  [1m[35mSQL (0.3ms)[0m   SELECT name
 FROM sqlite_master
 WHERE type = 'table' AND NOT name = 'sqlite_sequence'
  [1m[36mSQL (0.5ms)[0m  [1mSELECT "schema_migrations"."version" FROM "schema_migrations"[0m
  [1m[35mSQL (0.6ms)[0m  select sqlite_version(*)
  [1m[36mSQL (0.3ms)[0m  [1m SELECT name
 FROM sqlite_master
 WHERE type = 'table' AND NOT name = 'sqlite_sequence'
[0m
  [1m[35mSQL (36.8ms)[0m  CREATE TABLE "movies" ("id" INTEGER PRIMARY KEY AUTOINCREMENT NOT NULL, "title" varchar(255), "rating" integer, "duration" integer, "director" varchar(255), "actors" varchar(255), "overview" text, "available" boolean, "created_at" datetime, "updated_at" datetime, "code" varchar(255), "image" varchar(255)) 
  [1m[36mSQL (1.0ms)[0m  [1m SELECT name
 FROM sqlite_master
 WHERE type = 'table' AND NOT name = 'sqlite_sequence'
[0m
  [1m[35mSQL (7.5ms)[0m  CREATE TABLE "schema_migrations" ("version" varchar(255) NOT NULL) 
  [1m[36mSQL (0.2ms)[0m  [1mPRAGMA index_list("schema_migrations")[0m
  [1m[35mSQL (11.9ms)[0m  CREATE UNIQUE INDEX "unique_schema_migrations" ON "schema_migrations" ("version")
  [1m[36mSQL (0.6ms)[0m  [1m SELECT name
 FROM sqlite_master
 WHERE type = 'table' AND NOT name = 'sqlite_sequence'
[0m
  [1m[35mSQL (0.3ms)[0m  SELECT version FROM "schema_migrations"
  [1m[36mSQL (16.8ms)[0m  [1mINSERT INTO "schema_migrations" (version) VALUES ('20110421122126')[0m
  [1m[35mSQL (8.9ms)[0m  INSERT INTO "schema_migrations" (version) VALUES ('20110420123249')
  [1m[36mSQL (8.7ms)[0m  [1mINSERT INTO "schema_migrations" (version) VALUES ('20110420122623')[0m


Started GET "/movies/new" for 127.0.0.1 at 2011-04-21 23:04:39 +1000
  Processing by MoviesController#new as HTML
Rendered movies/_form.html.erb (44.8ms)
Rendered movies/new.html.erb within layouts/application (55.7ms)
Completed 200 OK in 110ms (Views: 67.8ms | ActiveRecord: 0.0ms)


Started POST "/movies" for 127.0.0.1 at 2011-04-21 23:04:53 +1000
  Processing by MoviesController#create as HTML
  Parameters: {"utf8"=>"✓", "authenticity_token"=>"YBJq/n5zQ2IcXf8NaEhyt9VYjArji+2Z5ucmP6Pa750=", "movie"=>{"title"=>"", "rating"=>"", "duration"=>"", "director"=>"", "actors"=>"", "overview"=>"", "available"=>"0"}, "commit"=>"Create Movie"}
  [1m[35mMovie Load (0.5ms)[0m  SELECT "movies"."id" FROM "movies" WHERE ("movies"."title" = '') LIMIT 1
Rendered movies/_form.html.erb (33.3ms)
Rendered movies/new.html.erb within layouts/application (43.6ms)
Completed 200 OK in 153ms (Views: 53.9ms | ActiveRecord: 0.5ms)
  [1m[36mSQL (0.7ms)[0m  [1m SELECT name
 FROM sqlite_master
 WHERE type = 'table' AND NOT name = 'sqlite_sequence'
[0m
  [1m[35mSQL (0.1ms)[0m   SELECT name
 FROM sqlite_master
 WHERE type = 'table' AND NOT name = 'sqlite_sequence'
  [1m[36mSQL (0.2ms)[0m  [1mSELECT "schema_migrations"."version" FROM "schema_migrations"[0m
  [1m[35mSQL (0.2ms)[0m  select sqlite_version(*)
  [1m[36mSQL (0.1ms)[0m  [1m SELECT name
 FROM sqlite_master
 WHERE type = 'table' AND NOT name = 'sqlite_sequence'
[0m
  [1m[35mSQL (22.8ms)[0m  CREATE TABLE "movies" ("id" INTEGER PRIMARY KEY AUTOINCREMENT NOT NULL, "title" varchar(255), "rating" integer, "duration" integer, "director" varchar(255), "actors" varchar(255), "overview" text, "available" boolean, "created_at" datetime, "updated_at" datetime, "code" varchar(255), "image" varchar(255)) 
  [1m[36mSQL (0.1ms)[0m  [1m SELECT name
 FROM sqlite_master
 WHERE type = 'table' AND NOT name = 'sqlite_sequence'
[0m
  [1m[35mSQL (4.7ms)[0m  CREATE TABLE "schema_migrations" ("version" varchar(255) NOT NULL) 
  [1m[36mSQL (0.1ms)[0m  [1mPRAGMA index_list("schema_migrations")[0m
  [1m[35mSQL (8.2ms)[0m  CREATE UNIQUE INDEX "unique_schema_migrations" ON "schema_migrations" ("version")
  [1m[36mSQL (0.1ms)[0m  [1m SELECT name
 FROM sqlite_master
 WHERE type = 'table' AND NOT name = 'sqlite_sequence'
[0m
  [1m[35mSQL (0.1ms)[0m  SELECT version FROM "schema_migrations"
  [1m[36mSQL (6.2ms)[0m  [1mINSERT INTO "schema_migrations" (version) VALUES ('20110421122126')[0m
  [1m[35mSQL (4.8ms)[0m  INSERT INTO "schema_migrations" (version) VALUES ('20110420123249')
  [1m[36mSQL (7.2ms)[0m  [1mINSERT INTO "schema_migrations" (version) VALUES ('20110420122623')[0m


Started GET "/" for 127.0.0.1 at 2011-04-21 23:21:06 +1000

NameError (undefined local variable or method `store' for #<ActionDispatch::Routing::Mapper:0x000000038fbb70>):
  config/routes.rb:55:in `block in <top (required)>'
  config/routes.rb:1:in `<top (required)>'

Rendered /home/felixt/.rvm/gems/ruby-1.9.2-p180/gems/actionpack-3.0.5.rc1/lib/action_dispatch/middleware/templates/rescues/_trace.erb (4.6ms)
Rendered /home/felixt/.rvm/gems/ruby-1.9.2-p180/gems/actionpack-3.0.5.rc1/lib/action_dispatch/middleware/templates/rescues/_request_and_response.erb (4.1ms)
Rendered /home/felixt/.rvm/gems/ruby-1.9.2-p180/gems/actionpack-3.0.5.rc1/lib/action_dispatch/middleware/templates/rescues/diagnostics.erb within rescues/layout (21.7ms)


Started GET "/store/index" for 127.0.0.1 at 2011-04-21 23:22:18 +1000
  Processing by StoreController#index as HTML
  [1m[36mMovie Load (6.8ms)[0m  [1mSELECT "movies".* FROM "movies" ORDER BY title[0m
Rendered store/index.html.erb within layouts/application (7.4ms)
Completed 200 OK in 63ms (Views: 22.1ms | ActiveRecord: 6.8ms)


Started GET "/" for 127.0.0.1 at 2011-04-21 23:22:31 +1000

ActionController::RoutingError (No route matches "/"):
  

Rendered /home/felixt/.rvm/gems/ruby-1.9.2-p180/gems/actionpack-3.0.5.rc1/lib/action_dispatch/middleware/templates/rescues/routing_error.erb within rescues/layout (3.8ms)


Started GET "/" for 127.0.0.1 at 2011-04-21 23:22:34 +1000

ActionController::RoutingError (No route matches "/"):
  

Rendered /home/felixt/.rvm/gems/ruby-1.9.2-p180/gems/actionpack-3.0.5.rc1/lib/action_dispatch/middleware/templates/rescues/routing_error.erb within rescues/layout (1.8ms)


Started GET "/" for 127.0.0.1 at 2011-04-21 23:22:37 +1000

ActionController::RoutingError (No route matches "/"):
  

Rendered /home/felixt/.rvm/gems/ruby-1.9.2-p180/gems/actionpack-3.0.5.rc1/lib/action_dispatch/middleware/templates/rescues/routing_error.erb within rescues/layout (6.7ms)


Started GET "/" for 127.0.0.1 at 2011-04-21 23:22:56 +1000
  Processing by StoreController#index as HTML
  [1m[35mMovie Load (6.3ms)[0m  SELECT "movies".* FROM "movies" ORDER BY title
Rendered store/index.html.erb within layouts/application (7.5ms)
Completed 200 OK in 55ms (Views: 20.3ms | ActiveRecord: 6.3ms)
  [1m[36mSQL (0.6ms)[0m  [1m SELECT name
 FROM sqlite_master
 WHERE type = 'table' AND NOT name = 'sqlite_sequence'
[0m
  [1m[35mSQL (0.1ms)[0m   SELECT name
 FROM sqlite_master
 WHERE type = 'table' AND NOT name = 'sqlite_sequence'
  [1m[36mSQL (0.2ms)[0m  [1mSELECT "schema_migrations"."version" FROM "schema_migrations"[0m
Migrating to CreateMovies (20110420122623)
Migrating to AddCodeToVideos (20110420123249)
Migrating to AddImageToVideos (20110421122126)
  [1m[35mSQL (0.3ms)[0m  select sqlite_version(*)
  [1m[36mSQL (0.2ms)[0m  [1m SELECT name
 FROM sqlite_master
 WHERE type = 'table' AND NOT name = 'sqlite_sequence'
[0m
  [1m[35mSQL (0.1ms)[0m  SELECT "schema_migrations"."version" FROM "schema_migrations"
  [1m[36mSQL (0.1ms)[0m  [1m SELECT name
 FROM sqlite_master
 WHERE type = 'table' AND NOT name = 'sqlite_sequence'
[0m
  [1m[35mSQL (0.0ms)[0m  PRAGMA index_list("movies")
  [1m[36mSQL (4.7ms)[0m  [1m SELECT name
 FROM sqlite_master
 WHERE type = 'table' AND NOT name = 'sqlite_sequence'
[0m
  [1m[35mSQL (0.1ms)[0m   SELECT name
 FROM sqlite_master
 WHERE type = 'table' AND NOT name = 'sqlite_sequence'
  [1m[36mSQL (12.0ms)[0m  [1mSELECT "schema_migrations"."version" FROM "schema_migrations"[0m
  [1m[35mSQL (10.3ms)[0m  select sqlite_version(*)
  [1m[36mSQL (0.1ms)[0m  [1m SELECT name
 FROM sqlite_master
 WHERE type = 'table' AND NOT name = 'sqlite_sequence'
[0m
  [1m[35mSQL (24.7ms)[0m  CREATE TABLE "movies" ("id" INTEGER PRIMARY KEY AUTOINCREMENT NOT NULL, "title" varchar(255), "rating" integer, "duration" integer, "director" varchar(255), "actors" varchar(255), "overview" text, "available" boolean, "created_at" datetime, "updated_at" datetime, "code" varchar(255), "image" varchar(255)) 
  [1m[36mSQL (0.1ms)[0m  [1m SELECT name
 FROM sqlite_master
 WHERE type = 'table' AND NOT name = 'sqlite_sequence'
[0m
  [1m[35mSQL (2.8ms)[0m  CREATE TABLE "schema_migrations" ("version" varchar(255) NOT NULL) 
  [1m[36mSQL (0.0ms)[0m  [1mPRAGMA index_list("schema_migrations")[0m
  [1m[35mSQL (3.5ms)[0m  CREATE UNIQUE INDEX "unique_schema_migrations" ON "schema_migrations" ("version")
  [1m[36mSQL (0.1ms)[0m  [1m SELECT name
 FROM sqlite_master
 WHERE type = 'table' AND NOT name = 'sqlite_sequence'
[0m
  [1m[35mSQL (0.0ms)[0m  SELECT version FROM "schema_migrations"
  [1m[36mSQL (3.3ms)[0m  [1mINSERT INTO "schema_migrations" (version) VALUES ('20110421122126')[0m
  [1m[35mSQL (3.3ms)[0m  INSERT INTO "schema_migrations" (version) VALUES ('20110420123249')
  [1m[36mSQL (3.3ms)[0m  [1mINSERT INTO "schema_migrations" (version) VALUES ('20110420122623')[0m
  [1m[36mSQL (0.6ms)[0m  [1m SELECT name
 FROM sqlite_master
 WHERE type = 'table' AND NOT name = 'sqlite_sequence'
[0m
  [1m[35mSQL (0.1ms)[0m   SELECT name
 FROM sqlite_master
 WHERE type = 'table' AND NOT name = 'sqlite_sequence'
  [1m[36mSQL (0.2ms)[0m  [1mSELECT "schema_migrations"."version" FROM "schema_migrations"[0m
  [1m[35mSQL (0.1ms)[0m  select sqlite_version(*)
  [1m[36mSQL (0.1ms)[0m  [1m SELECT name
 FROM sqlite_master
 WHERE type = 'table' AND NOT name = 'sqlite_sequence'
[0m
  [1m[35mSQL (6.0ms)[0m  CREATE TABLE "movies" ("id" INTEGER PRIMARY KEY AUTOINCREMENT NOT NULL, "title" varchar(255), "rating" integer, "duration" integer, "director" varchar(255), "actors" varchar(255), "overview" text, "available" boolean, "created_at" datetime, "updated_at" datetime, "code" varchar(255), "image" varchar(255)) 
  [1m[36mSQL (0.1ms)[0m  [1m SELECT name
 FROM sqlite_master
 WHERE type = 'table' AND NOT name = 'sqlite_sequence'
[0m
  [1m[35mSQL (3.7ms)[0m  CREATE TABLE "schema_migrations" ("version" varchar(255) NOT NULL) 
  [1m[36mSQL (0.0ms)[0m  [1mPRAGMA index_list("schema_migrations")[0m
  [1m[35mSQL (3.9ms)[0m  CREATE UNIQUE INDEX "unique_schema_migrations" ON "schema_migrations" ("version")
  [1m[36mSQL (0.1ms)[0m  [1m SELECT name
 FROM sqlite_master
 WHERE type = 'table' AND NOT name = 'sqlite_sequence'
[0m
  [1m[35mSQL (0.0ms)[0m  SELECT version FROM "schema_migrations"
  [1m[36mSQL (2.8ms)[0m  [1mINSERT INTO "schema_migrations" (version) VALUES ('20110421122126')[0m
  [1m[35mSQL (2.6ms)[0m  INSERT INTO "schema_migrations" (version) VALUES ('20110420123249')
  [1m[36mSQL (2.6ms)[0m  [1mINSERT INTO "schema_migrations" (version) VALUES ('20110420122623')[0m
  [1m[36mSQL (0.6ms)[0m  [1m SELECT name
 FROM sqlite_master
 WHERE type = 'table' AND NOT name = 'sqlite_sequence'
[0m
  [1m[35mSQL (0.1ms)[0m   SELECT name
 FROM sqlite_master
 WHERE type = 'table' AND NOT name = 'sqlite_sequence'
  [1m[36mSQL (0.3ms)[0m  [1mSELECT "schema_migrations"."version" FROM "schema_migrations"[0m
  [1m[35mSQL (0.2ms)[0m  select sqlite_version(*)
  [1m[36mSQL (0.1ms)[0m  [1m SELECT name
 FROM sqlite_master
 WHERE type = 'table' AND NOT name = 'sqlite_sequence'
[0m
  [1m[35mSQL (7.6ms)[0m  CREATE TABLE "movies" ("id" INTEGER PRIMARY KEY AUTOINCREMENT NOT NULL, "title" varchar(255), "rating" integer, "duration" integer, "director" varchar(255), "actors" varchar(255), "overview" text, "available" boolean, "created_at" datetime, "updated_at" datetime, "code" varchar(255), "image" varchar(255)) 
  [1m[36mSQL (0.4ms)[0m  [1m SELECT name
 FROM sqlite_master
 WHERE type = 'table' AND NOT name = 'sqlite_sequence'
[0m
  [1m[35mSQL (4.7ms)[0m  CREATE TABLE "schema_migrations" ("version" varchar(255) NOT NULL) 
  [1m[36mSQL (0.1ms)[0m  [1mPRAGMA index_list("schema_migrations")[0m
  [1m[35mSQL (4.7ms)[0m  CREATE UNIQUE INDEX "unique_schema_migrations" ON "schema_migrations" ("version")
  [1m[36mSQL (0.1ms)[0m  [1m SELECT name
 FROM sqlite_master
 WHERE type = 'table' AND NOT name = 'sqlite_sequence'
[0m
  [1m[35mSQL (0.1ms)[0m  SELECT version FROM "schema_migrations"
  [1m[36mSQL (3.2ms)[0m  [1mINSERT INTO "schema_migrations" (version) VALUES ('20110421122126')[0m
  [1m[35mSQL (19.2ms)[0m  INSERT INTO "schema_migrations" (version) VALUES ('20110420123249')
  [1m[36mSQL (3.2ms)[0m  [1mINSERT INTO "schema_migrations" (version) VALUES ('20110420122623')[0m
  [1m[36mSQL (0.5ms)[0m  [1m SELECT name
 FROM sqlite_master
 WHERE type = 'table' AND NOT name = 'sqlite_sequence'
[0m
  [1m[35mSQL (0.1ms)[0m   SELECT name
 FROM sqlite_master
 WHERE type = 'table' AND NOT name = 'sqlite_sequence'
  [1m[36mSQL (0.2ms)[0m  [1mSELECT "schema_migrations"."version" FROM "schema_migrations"[0m
  [1m[35mSQL (0.2ms)[0m  select sqlite_version(*)
  [1m[36mSQL (0.1ms)[0m  [1m SELECT name
 FROM sqlite_master
 WHERE type = 'table' AND NOT name = 'sqlite_sequence'
[0m
  [1m[35mSQL (6.2ms)[0m  CREATE TABLE "movies" ("id" INTEGER PRIMARY KEY AUTOINCREMENT NOT NULL, "title" varchar(255), "rating" integer, "duration" integer, "director" varchar(255), "actors" varchar(255), "overview" text, "available" boolean, "created_at" datetime, "updated_at" datetime, "code" varchar(255), "image" varchar(255)) 
  [1m[36mSQL (1.3ms)[0m  [1m SELECT name
 FROM sqlite_master
 WHERE type = 'table' AND NOT name = 'sqlite_sequence'
[0m
  [1m[35mSQL (3.1ms)[0m  CREATE TABLE "schema_migrations" ("version" varchar(255) NOT NULL) 
  [1m[36mSQL (0.2ms)[0m  [1mPRAGMA index_list("schema_migrations")[0m
  [1m[35mSQL (3.8ms)[0m  CREATE UNIQUE INDEX "unique_schema_migrations" ON "schema_migrations" ("version")
  [1m[36mSQL (0.1ms)[0m  [1m SELECT name
 FROM sqlite_master
 WHERE type = 'table' AND NOT name = 'sqlite_sequence'
[0m
  [1m[35mSQL (0.1ms)[0m  SELECT version FROM "schema_migrations"
  [1m[36mSQL (3.0ms)[0m  [1mINSERT INTO "schema_migrations" (version) VALUES ('20110421122126')[0m
  [1m[35mSQL (2.9ms)[0m  INSERT INTO "schema_migrations" (version) VALUES ('20110420123249')
  [1m[36mSQL (3.3ms)[0m  [1mINSERT INTO "schema_migrations" (version) VALUES ('20110420122623')[0m
  [1m[36mSQL (0.5ms)[0m  [1m SELECT name
 FROM sqlite_master
 WHERE type = 'table' AND NOT name = 'sqlite_sequence'
[0m
  [1m[35mSQL (0.1ms)[0m   SELECT name
 FROM sqlite_master
 WHERE type = 'table' AND NOT name = 'sqlite_sequence'
  [1m[36mSQL (0.1ms)[0m  [1mSELECT "schema_migrations"."version" FROM "schema_migrations"[0m
Migrating to CreateMovies (20110420122623)
Migrating to AddCodeToVideos (20110420123249)
Migrating to AddImageToVideos (20110421122126)
Migrating to CreateCarts (20110426121149)
  [1m[35mSQL (0.0ms)[0m  select sqlite_version(*)
  [1m[36mSQL (7.4ms)[0m  [1mCREATE TABLE "carts" ("id" INTEGER PRIMARY KEY AUTOINCREMENT NOT NULL, "created_at" datetime, "updated_at" datetime) [0m
  [1m[35mSQL (0.3ms)[0m  INSERT INTO "schema_migrations" ("version") VALUES ('20110426121149')
  [1m[36mSQL (0.4ms)[0m  [1m SELECT name
 FROM sqlite_master
 WHERE type = 'table' AND NOT name = 'sqlite_sequence'
[0m
  [1m[35mSQL (0.1ms)[0m  SELECT "schema_migrations"."version" FROM "schema_migrations"
  [1m[36mSQL (0.1ms)[0m  [1m SELECT name
 FROM sqlite_master
 WHERE type = 'table' AND NOT name = 'sqlite_sequence'
[0m
  [1m[35mSQL (0.0ms)[0m  PRAGMA index_list("carts")
  [1m[36mSQL (0.0ms)[0m  [1mPRAGMA index_list("movies")[0m
  [1m[36mSQL (0.6ms)[0m  [1m SELECT name
 FROM sqlite_master
 WHERE type = 'table' AND NOT name = 'sqlite_sequence'
[0m
  [1m[35mSQL (0.2ms)[0m   SELECT name
 FROM sqlite_master
 WHERE type = 'table' AND NOT name = 'sqlite_sequence'
  [1m[36mSQL (0.5ms)[0m  [1mSELECT "schema_migrations"."version" FROM "schema_migrations"[0m
Migrating to CreateMovies (20110420122623)
Migrating to AddCodeToVideos (20110420123249)
Migrating to AddImageToVideos (20110421122126)
Migrating to CreateCarts (20110426121149)
Migrating to CreateCartItems (20110426122051)
  [1m[35mSQL (0.1ms)[0m  select sqlite_version(*)
  [1m[36mSQL (126.3ms)[0m  [1mCREATE TABLE "cart_items" ("id" INTEGER PRIMARY KEY AUTOINCREMENT NOT NULL, "video_id" integer, "cart_id" integer, "created_at" datetime, "updated_at" datetime) [0m
  [1m[35mSQL (0.1ms)[0m  INSERT INTO "schema_migrations" ("version") VALUES ('20110426122051')
  [1m[36mSQL (0.3ms)[0m  [1m SELECT name
 FROM sqlite_master
 WHERE type = 'table' AND NOT name = 'sqlite_sequence'
[0m
  [1m[35mSQL (0.1ms)[0m  SELECT "schema_migrations"."version" FROM "schema_migrations"
  [1m[36mSQL (0.1ms)[0m  [1m SELECT name
 FROM sqlite_master
 WHERE type = 'table' AND NOT name = 'sqlite_sequence'
[0m
  [1m[35mSQL (0.0ms)[0m  PRAGMA index_list("cart_items")
  [1m[36mSQL (0.0ms)[0m  [1mPRAGMA index_list("carts")[0m
  [1m[35mSQL (0.0ms)[0m  PRAGMA index_list("movies")
  [1m[36mSQL (0.7ms)[0m  [1m SELECT name
 FROM sqlite_master
 WHERE type = 'table' AND NOT name = 'sqlite_sequence'
[0m
  [1m[35mSQL (0.1ms)[0m   SELECT name
 FROM sqlite_master
 WHERE type = 'table' AND NOT name = 'sqlite_sequence'
  [1m[36mSQL (0.1ms)[0m  [1mSELECT "schema_migrations"."version" FROM "schema_migrations"[0m
Migrating to CreateMovies (20110420122623)
Migrating to AddCodeToVideos (20110420123249)
Migrating to AddImageToVideos (20110421122126)
Migrating to CreateCarts (20110426121149)
Migrating to CreateCartItems (20110426122051)
Migrating to RenameColumnVideoToMovieInCartItem (20110426122718)
  [1m[35mSQL (0.0ms)[0m  select sqlite_version(*)
  [1m[36mSQL (0.3ms)[0m  [1mALTER TABLE "cart_items" ADD "movie_id" integer[0m
  [1m[35mSQL (18.7ms)[0m  CREATE TEMPORARY TABLE "altered_cart_items" ("id" INTEGER PRIMARY KEY AUTOINCREMENT NOT NULL, "video_id" integer, "cart_id" integer, "created_at" datetime, "updated_at" datetime, "movie_id" integer) 
  [1m[36mSQL (0.1ms)[0m  [1mPRAGMA index_list("cart_items")[0m
  [1m[35mSQL (0.3ms)[0m  DROP TABLE "cart_items"
  [1m[36mSQL (0.2ms)[0m  [1mCREATE TABLE "cart_items" ("id" INTEGER PRIMARY KEY AUTOINCREMENT NOT NULL, "cart_id" integer, "created_at" datetime, "updated_at" datetime, "movie_id" integer) [0m
  [1m[35mSQL (0.0ms)[0m  PRAGMA index_list("altered_cart_items")
  [1m[36mSQL (0.2ms)[0m  [1mDROP TABLE "altered_cart_items"[0m
  [1m[35mSQL (0.3ms)[0m  CREATE TEMPORARY TABLE "altered_cart_items" ("id" INTEGER PRIMARY KEY AUTOINCREMENT NOT NULL, "cart_id" integer, "created_at" datetime, "updated_at" datetime, "movie_id" integer) 
  [1m[36mSQL (0.0ms)[0m  [1mPRAGMA index_list("cart_items")[0m
  [1m[35mSQL (0.2ms)[0m  DROP TABLE "cart_items"
  [1m[36mSQL (0.1ms)[0m  [1mCREATE TABLE "cart_items" ("id" INTEGER PRIMARY KEY AUTOINCREMENT NOT NULL, "cart_id" integer, "created_at" datetime, "updated_at" datetime, "movie_id" integer) [0m
  [1m[35mSQL (0.0ms)[0m  PRAGMA index_list("altered_cart_items")
  [1m[36mSQL (0.4ms)[0m  [1mDROP TABLE "altered_cart_items"[0m
  [1m[35mSQL (0.1ms)[0m  INSERT INTO "schema_migrations" ("version") VALUES ('20110426122718')
  [1m[36mSQL (0.2ms)[0m  [1m SELECT name
 FROM sqlite_master
 WHERE type = 'table' AND NOT name = 'sqlite_sequence'
[0m
  [1m[35mSQL (0.1ms)[0m  SELECT "schema_migrations"."version" FROM "schema_migrations"
  [1m[36mSQL (0.1ms)[0m  [1m SELECT name
 FROM sqlite_master
 WHERE type = 'table' AND NOT name = 'sqlite_sequence'
[0m
  [1m[35mSQL (0.0ms)[0m  PRAGMA index_list("cart_items")
  [1m[36mSQL (0.0ms)[0m  [1mPRAGMA index_list("carts")[0m
  [1m[35mSQL (0.0ms)[0m  PRAGMA index_list("movies")
